[12:15:36.046] INFO - Eliminando anteriores archivos (data/, players/)
[12:15:36.055] INFO - API endpoint https://api.laligafantasymarca.com/api/v3/player
[12:15:36.055] INFO - API endpoint market-values https://api.laligafantasymarca.com/api/v3/player/ID_JUGADOR/market-value
[12:15:37.007] ERROR - Jugador 52 [NO ENCONTRADO]
[12:15:37.032] ERROR - Jugador 54 [NO ENCONTRADO]
[12:15:37.070] ERROR - Jugador 56 [out_of_league]
[12:15:37.081] ERROR - Jugador 57 [NO ENCONTRADO]
[12:15:37.712] ERROR - Jugador 60 [NO ENCONTRADO]
[12:15:37.747] ERROR - Jugador 61 [NO ENCONTRADO]
[12:15:37.862] INFO - Escribiendo historial market-value del jugador 55 (59 values)
[12:15:37.863] INFO - Jugador 55 almacenado correctamente
[12:15:37.881] ERROR - Jugador 63 [NO ENCONTRADO]
[12:15:37.885] INFO - Escribiendo historial market-value del jugador 59 (59 values)
[12:15:37.886] INFO - Jugador 59 almacenado correctamente
[12:15:37.895] INFO - Escribiendo historial market-value del jugador 53 (59 values)
[12:15:37.896] INFO - Jugador 53 almacenado correctamente
[12:15:38.004] INFO - Escribiendo historial market-value del jugador 58 (59 values)
[12:15:38.005] INFO - Jugador 58 almacenado correctamente
[12:15:38.453] ERROR - Jugador 64 [NO ENCONTRADO]
[12:15:38.616] ERROR - Jugador 66 [NO ENCONTRADO]
[12:15:38.673] ERROR - Jugador 69 [NO ENCONTRADO]
[12:15:38.723] ERROR - Jugador 70 [NO ENCONTRADO]
[12:15:39.183] ERROR - Jugador 71 [NO ENCONTRADO]
[12:15:39.391] INFO - Escribiendo historial market-value del jugador 67 (59 values)
[12:15:39.392] INFO - Jugador 67 almacenado correctamente
[12:15:39.441] INFO - Escribiendo historial market-value del jugador 68 (61 values)
[12:15:39.442] INFO - Jugador 68 almacenado correctamente
[12:15:40.055] INFO - Escribiendo historial market-value del jugador 72 (30 values)
[12:15:40.056] INFO - Jugador 72 almacenado correctamente
[12:15:40.096] ERROR - Jugador 76 [NO ENCONTRADO]
[12:15:40.155] INFO - Escribiendo historial market-value del jugador 73 (61 values)
[12:15:40.156] INFO - Jugador 73 almacenado correctamente
[12:15:40.214] INFO - Escribiendo historial market-value del jugador 74 (30 values)
[12:15:40.215] INFO - Jugador 74 almacenado correctamente
[12:15:40.458] INFO - Escribiendo historial market-value del jugador 75 (14 values)
[12:15:40.458] INFO - Jugador 75 almacenado correctamente
[12:15:40.802] ERROR - Jugador 79 [NO ENCONTRADO]
[12:15:40.835] INFO - Escribiendo historial market-value del jugador 65 (59 values)
[12:15:40.836] INFO - Jugador 65 almacenado correctamente
[12:15:40.886] ERROR - Jugador 80 [out_of_league]
[12:15:40.937] INFO - Escribiendo historial market-value del jugador 77 (61 values)
[12:15:40.939] INFO - Jugador 77 almacenado correctamente
[12:15:40.969] ERROR - Jugador 81 [out_of_league]
[12:15:41.472] INFO - Escribiendo historial market-value del jugador 78 (16 values)
[12:15:41.473] INFO - Jugador 78 almacenado correctamente
[12:15:41.496] INFO - Escribiendo historial market-value del jugador 62 (59 values)
[12:15:41.497] INFO - Jugador 62 almacenado correctamente
[12:15:41.532] ERROR - Jugador 83 [NO ENCONTRADO]
[12:15:41.571] ERROR - Jugador 84 [NO ENCONTRADO]
[12:15:41.587] ERROR - Jugador 85 [NO ENCONTRADO]
[12:15:41.680] ERROR - Jugador 87 [NO ENCONTRADO]
[12:15:41.706] ERROR - Jugador 86 [out_of_league]
[12:15:41.955] INFO - Escribiendo historial market-value del jugador 82 (18 values)
[12:15:41.956] INFO - Jugador 82 almacenado correctamente
[12:15:42.035] ERROR - Jugador 89 [NO ENCONTRADO]
[12:15:42.206] ERROR - Jugador 88 [NO ENCONTRADO]
[12:15:42.431] ERROR - Jugador 94 [NO ENCONTRADO]
[12:15:42.698] ERROR - Jugador 95 [NO ENCONTRADO]
[12:15:42.832] INFO - Escribiendo historial market-value del jugador 91 (61 values)
[12:15:42.833] INFO - Jugador 91 almacenado correctamente
[12:15:42.927] ERROR - Jugador 97 [out_of_league]
[12:15:42.959] INFO - Escribiendo historial market-value del jugador 90 (47 values)
[12:15:42.960] INFO - Jugador 90 almacenado correctamente
[12:15:43.131] ERROR - Jugador 98 [NO ENCONTRADO]
[12:15:43.543] ERROR - Jugador 100 [NO ENCONTRADO]
[12:15:43.629] ERROR - Jugador 103 [NO ENCONTRADO]
[12:15:43.673] ERROR - Jugador 102 [NO ENCONTRADO]
[12:15:43.893] ERROR - Jugador 99 [NO ENCONTRADO]
[12:15:43.957] INFO - Escribiendo historial market-value del jugador 93 (59 values)
[12:15:43.958] INFO - Jugador 93 almacenado correctamente
[12:15:44.060] ERROR - Jugador 104 [NO ENCONTRADO]
[12:15:44.093] ERROR - Jugador 101 [NO ENCONTRADO]
[12:15:44.107] ERROR - Jugador 96 [NO ENCONTRADO]
[12:15:44.139] ERROR - Jugador 105 [NO ENCONTRADO]
[12:15:44.199] ERROR - Jugador 106 [NO ENCONTRADO]
[12:15:44.273] INFO - Escribiendo historial market-value del jugador 92 (30 values)
[12:15:44.274] INFO - Jugador 92 almacenado correctamente
[12:15:44.416] ERROR - Jugador 107 [NO ENCONTRADO]
[12:15:44.479] ERROR - Jugador 108 [NO ENCONTRADO]
[12:15:44.568] ERROR - Jugador 109 [NO ENCONTRADO]
[12:15:44.622] ERROR - Jugador 110 [NO ENCONTRADO]
[12:15:44.632] ERROR - Jugador 111 [NO ENCONTRADO]
[12:15:44.678] ERROR - Jugador 112 [NO ENCONTRADO]
[12:15:44.734] ERROR - Jugador 113 [NO ENCONTRADO]
[12:15:44.803] ERROR - Jugador 114 [NO ENCONTRADO]
[12:15:45.149] ERROR - Jugador 115 [NO ENCONTRADO]
[12:15:45.160] ERROR - Jugador 119 [NO ENCONTRADO]
[12:15:45.169] ERROR - Jugador 118 [out_of_league]
[12:15:45.195] ERROR - Jugador 120 [NO ENCONTRADO]
[12:15:45.222] ERROR - Jugador 116 [NO ENCONTRADO]
[12:15:45.291] ERROR - Jugador 117 [NO ENCONTRADO]
[12:15:45.323] ERROR - Jugador 122 [NO ENCONTRADO]
[12:15:45.730] ERROR - Jugador 124 [NO ENCONTRADO]
[12:15:45.744] ERROR - Jugador 125 [NO ENCONTRADO]
[12:15:45.757] ERROR - Jugador 126 [NO ENCONTRADO]
[12:15:45.779] INFO - Escribiendo historial market-value del jugador 121 (18 values)
[12:15:45.780] INFO - Jugador 121 almacenado correctamente
[12:15:45.798] ERROR - Jugador 128 [NO ENCONTRADO]
[12:15:45.820] ERROR - Jugador 129 [NO ENCONTRADO]
[12:15:45.902] ERROR - Jugador 123 [NO ENCONTRADO]
[12:15:46.304] ERROR - Jugador 131 [NO ENCONTRADO]
[12:15:46.324] ERROR - Jugador 130 [NO ENCONTRADO]
[12:15:46.330] ERROR - Jugador 132 [NO ENCONTRADO]
[12:15:46.352] ERROR - Jugador 133 [NO ENCONTRADO]
[12:15:46.413] ERROR - Jugador 136 [NO ENCONTRADO]
[12:15:46.568] ERROR - Jugador 135 [NO ENCONTRADO]
[12:15:46.572] ERROR - Jugador 134 [NO ENCONTRADO]
[12:15:46.695] INFO - Escribiendo historial market-value del jugador 127 (61 values)
[12:15:46.696] INFO - Jugador 127 almacenado correctamente
[12:15:46.950] ERROR - Jugador 137 [NO ENCONTRADO]
[12:15:46.965] ERROR - Jugador 138 [NO ENCONTRADO]
[12:15:46.976] ERROR - Jugador 139 [NO ENCONTRADO]
[12:15:47.000] ERROR - Jugador 141 [NO ENCONTRADO]
[12:15:47.080] ERROR - Jugador 143 [NO ENCONTRADO]
[12:15:47.102] ERROR - Jugador 142 [NO ENCONTRADO]
[12:15:47.492] ERROR - Jugador 144 [NO ENCONTRADO]
[12:15:47.570] ERROR - Jugador 145 [NO ENCONTRADO]
[12:15:47.600] ERROR - Jugador 147 [NO ENCONTRADO]
[12:15:47.605] INFO - Escribiendo historial market-value del jugador 140 (61 values)
[12:15:47.606] INFO - Jugador 140 almacenado correctamente
[12:15:47.623] ERROR - Jugador 149 [NO ENCONTRADO]
[12:15:48.032] ERROR - Jugador 151 [NO ENCONTRADO]
[12:15:48.084] ERROR - Jugador 152 [NO ENCONTRADO]
[12:15:48.115] ERROR - Jugador 153 [NO ENCONTRADO]
[12:15:48.168] ERROR - Jugador 154 [NO ENCONTRADO]
[12:15:48.189] ERROR - Jugador 155 [NO ENCONTRADO]
[12:15:48.207] INFO - Escribiendo historial market-value del jugador 150 (61 values)
[12:15:48.208] INFO - Jugador 150 almacenado correctamente
[12:15:48.400] INFO - Escribiendo historial market-value del jugador 148 (61 values)
[12:15:48.401] INFO - Jugador 148 almacenado correctamente
[12:15:48.547] ERROR - Jugador 156 [NO ENCONTRADO]
[12:15:48.612] ERROR - Jugador 157 [NO ENCONTRADO]
[12:15:48.629] ERROR - Jugador 158 [NO ENCONTRADO]
[12:15:48.718] ERROR - Jugador 160 [NO ENCONTRADO]
[12:15:48.725] ERROR - Jugador 161 [NO ENCONTRADO]
[12:15:48.938] ERROR - Jugador 162 [NO ENCONTRADO]
[12:15:49.075] ERROR - Jugador 163 [NO ENCONTRADO]
[12:15:49.138] ERROR - Jugador 164 [NO ENCONTRADO]
[12:15:49.158] ERROR - Jugador 165 [NO ENCONTRADO]
[12:15:49.276] INFO - Escribiendo historial market-value del jugador 159 (61 values)
[12:15:49.277] INFO - Jugador 159 almacenado correctamente
[12:15:49.284] ERROR - Jugador 167 [NO ENCONTRADO]
[12:15:49.288] ERROR - Jugador 166 [out_of_league]
[12:15:49.452] ERROR - Jugador 168 [NO ENCONTRADO]
[12:15:49.686] ERROR - Jugador 171 [NO ENCONTRADO]
[12:15:49.806] ERROR - Jugador 169 [NO ENCONTRADO]
[12:15:49.857] ERROR - Jugador 172 [NO ENCONTRADO]
[12:15:49.858] ERROR - Jugador 174 [NO ENCONTRADO]
[12:15:49.870] ERROR - Jugador 170 [NO ENCONTRADO]
[12:15:49.975] ERROR - Jugador 175 [NO ENCONTRADO]
[12:15:50.054] ERROR - Jugador 173 [NO ENCONTRADO]
[12:15:50.196] ERROR - Jugador 176 [NO ENCONTRADO]
[12:15:50.278] INFO - Escribiendo historial market-value del jugador 146 (61 values)
[12:15:50.278] INFO - Jugador 146 almacenado correctamente
[12:15:50.320] ERROR - Jugador 177 [NO ENCONTRADO]
[12:15:50.413] ERROR - Jugador 179 [NO ENCONTRADO]
[12:15:50.420] ERROR - Jugador 180 [NO ENCONTRADO]
[12:15:50.482] ERROR - Jugador 181 [NO ENCONTRADO]
[12:15:50.580] ERROR - Jugador 182 [NO ENCONTRADO]
[12:15:50.638] ERROR - Jugador 178 [NO ENCONTRADO]
[12:15:50.721] ERROR - Jugador 183 [NO ENCONTRADO]
[12:15:50.972] ERROR - Jugador 186 [NO ENCONTRADO]
[12:15:50.976] ERROR - Jugador 187 [NO ENCONTRADO]
[12:15:51.051] ERROR - Jugador 185 [NO ENCONTRADO]
[12:15:51.209] ERROR - Jugador 188 [NO ENCONTRADO]
[12:15:51.281] ERROR - Jugador 191 [NO ENCONTRADO]
[12:15:51.311] INFO - Escribiendo historial market-value del jugador 184 (61 values)
[12:15:51.312] INFO - Jugador 184 almacenado correctamente
[12:15:51.617] ERROR - Jugador 190 [NO ENCONTRADO]
[12:15:51.709] ERROR - Jugador 195 [NO ENCONTRADO]
[12:15:51.775] ERROR - Jugador 194 [NO ENCONTRADO]
[12:15:51.786] ERROR - Jugador 189 [NO ENCONTRADO]
[12:15:51.805] ERROR - Jugador 196 [NO ENCONTRADO]
[12:15:51.844] ERROR - Jugador 197 [out_of_league]
[12:15:52.010] INFO - Escribiendo historial market-value del jugador 192 (61 values)
[12:15:52.011] INFO - Jugador 192 almacenado correctamente
[12:15:52.110] INFO - Escribiendo historial market-value del jugador 193 (61 values)
[12:15:52.111] INFO - Jugador 193 almacenado correctamente
[12:15:52.134] ERROR - Jugador 198 [NO ENCONTRADO]
[12:15:52.229] ERROR - Jugador 199 [NO ENCONTRADO]
[12:15:52.350] ERROR - Jugador 201 [NO ENCONTRADO]
[12:15:52.354] ERROR - Jugador 202 [NO ENCONTRADO]
[12:15:52.407] ERROR - Jugador 203 [NO ENCONTRADO]
[12:15:52.674] ERROR - Jugador 205 [NO ENCONTRADO]
[12:15:52.680] ERROR - Jugador 206 [NO ENCONTRADO]
[12:15:52.732] ERROR - Jugador 207 [NO ENCONTRADO]
[12:15:52.820] INFO - Escribiendo historial market-value del jugador 200 (21 values)
[12:15:52.821] INFO - Jugador 200 almacenado correctamente
[12:15:52.879] ERROR - Jugador 208 [NO ENCONTRADO]
[12:15:52.902] ERROR - Jugador 209 [NO ENCONTRADO]
[12:15:52.952] ERROR - Jugador 210 [NO ENCONTRADO]
[12:15:53.047] INFO - Escribiendo historial market-value del jugador 204 (61 values)
[12:15:53.048] INFO - Jugador 204 almacenado correctamente
[12:15:53.225] ERROR - Jugador 212 [NO ENCONTRADO]
[12:15:53.248] ERROR - Jugador 211 [NO ENCONTRADO]
[12:15:53.267] ERROR - Jugador 213 [NO ENCONTRADO]
[12:15:53.344] ERROR - Jugador 214 [NO ENCONTRADO]
[12:15:53.417] ERROR - Jugador 216 [NO ENCONTRADO]
[12:15:53.516] ERROR - Jugador 217 [out_of_league]
[12:15:53.575] ERROR - Jugador 218 [NO ENCONTRADO]
[12:15:53.735] ERROR - Jugador 219 [NO ENCONTRADO]
[12:15:53.809] ERROR - Jugador 220 [NO ENCONTRADO]
[12:15:53.823] ERROR - Jugador 221 [NO ENCONTRADO]
[12:15:53.946] INFO - Escribiendo historial market-value del jugador 215 (61 values)
[12:15:53.947] INFO - Jugador 215 almacenado correctamente
[12:15:54.041] ERROR - Jugador 224 [NO ENCONTRADO]
[12:15:54.062] ERROR - Jugador 222 [NO ENCONTRADO]
[12:15:54.123] ERROR - Jugador 225 [NO ENCONTRADO]
[12:15:54.153] ERROR - Jugador 223 [NO ENCONTRADO]
[12:15:54.236] ERROR - Jugador 226 [NO ENCONTRADO]
[12:15:54.340] ERROR - Jugador 227 [NO ENCONTRADO]
[12:15:54.371] ERROR - Jugador 228 [NO ENCONTRADO]
[12:15:54.447] ERROR - Jugador 229 [NO ENCONTRADO]
[12:15:54.654] ERROR - Jugador 232 [NO ENCONTRADO]
[12:15:54.676] ERROR - Jugador 233 [NO ENCONTRADO]
[12:15:54.745] ERROR - Jugador 234 [NO ENCONTRADO]
[12:15:54.887] ERROR - Jugador 235 [NO ENCONTRADO]
[12:15:54.928] ERROR - Jugador 236 [out_of_league]
[12:15:54.965] ERROR - Jugador 237 [NO ENCONTRADO]
[12:15:55.074] INFO - Escribiendo historial market-value del jugador 230 (61 values)
[12:15:55.075] INFO - Jugador 230 almacenado correctamente
[12:15:55.150] INFO - Escribiendo historial market-value del jugador 231 (61 values)
[12:15:55.151] INFO - Jugador 231 almacenado correctamente
[12:15:55.204] ERROR - Jugador 239 [NO ENCONTRADO]
[12:15:55.457] ERROR - Jugador 242 [NO ENCONTRADO]
[12:15:55.577] ERROR - Jugador 244 [NO ENCONTRADO]
[12:15:55.612] ERROR - Jugador 241 [NO ENCONTRADO]
[12:15:55.764] ERROR - Jugador 246 [out_of_league]
[12:15:55.765] INFO - Escribiendo historial market-value del jugador 240 (61 values)
[12:15:55.769] INFO - Jugador 240 almacenado correctamente
[12:15:56.097] ERROR - Jugador 248 [out_of_league]
[12:15:56.115] ERROR - Jugador 249 [NO ENCONTRADO]
[12:15:56.311] ERROR - Jugador 250 [NO ENCONTRADO]
[12:15:56.315] ERROR - Jugador 251 [NO ENCONTRADO]
[12:15:56.524] INFO - Escribiendo historial market-value del jugador 247 (61 values)
[12:15:56.524] INFO - Jugador 247 almacenado correctamente
[12:15:56.620] ERROR - Jugador 252 [NO ENCONTRADO]
[12:15:56.630] ERROR - Jugador 253 [NO ENCONTRADO]
[12:15:56.849] ERROR - Jugador 254 [NO ENCONTRADO]
[12:15:57.037] ERROR - Jugador 256 [NO ENCONTRADO]
[12:15:57.167] ERROR - Jugador 258 [NO ENCONTRADO]
[12:15:57.366] INFO - Escribiendo historial market-value del jugador 255 (61 values)
[12:15:57.367] INFO - Jugador 255 almacenado correctamente
[12:15:57.682] INFO - Escribiendo historial market-value del jugador 257 (33 values)
[12:15:57.682] INFO - Jugador 257 almacenado correctamente
[12:15:57.689] ERROR - Jugador 261 [NO ENCONTRADO]
[12:15:57.872] ERROR - Jugador 262 [NO ENCONTRADO]
[12:15:58.046] INFO - Escribiendo historial market-value del jugador 260 (61 values)
[12:15:58.047] INFO - Jugador 260 almacenado correctamente
[12:15:58.062] INFO - Escribiendo historial market-value del jugador 245 (32 values)
[12:15:58.062] INFO - Jugador 245 almacenado correctamente
[12:15:58.234] ERROR - Jugador 263 [NO ENCONTRADO]
[12:15:58.566] ERROR - Jugador 266 [NO ENCONTRADO]
[12:15:58.578] ERROR - Jugador 267 [NO ENCONTRADO]
[12:15:58.741] ERROR - Jugador 268 [out_of_league]
[12:15:58.786] INFO - Escribiendo historial market-value del jugador 264 (61 values)
[12:15:58.786] INFO - Jugador 264 almacenado correctamente
[12:15:58.926] INFO - Escribiendo historial market-value del jugador 265 (61 values)
[12:15:58.927] INFO - Jugador 265 almacenado correctamente
[12:15:59.103] ERROR - Jugador 269 [NO ENCONTRADO]
[12:15:59.144] INFO - Escribiendo historial market-value del jugador 243 (61 values)
[12:15:59.145] INFO - Jugador 243 almacenado correctamente
[12:15:59.264] ERROR - Jugador 271 [out_of_league]
[12:15:59.318] ERROR - Jugador 272 [NO ENCONTRADO]
[12:15:59.443] ERROR - Jugador 273 [NO ENCONTRADO]
[12:15:59.489] INFO - Escribiendo historial market-value del jugador 238 (18 values)
[12:15:59.489] INFO - Jugador 238 almacenado correctamente
[12:15:59.549] INFO - Escribiendo historial market-value del jugador 259 (61 values)
[12:15:59.550] INFO - Jugador 259 almacenado correctamente
[12:15:59.647] INFO - Escribiendo historial market-value del jugador 270 (61 values)
[12:15:59.649] INFO - Jugador 270 almacenado correctamente
[12:15:59.797] ERROR - Jugador 276 [NO ENCONTRADO]
[12:15:59.836] ERROR - Jugador 277 [NO ENCONTRADO]
[12:15:59.967] ERROR - Jugador 278 [NO ENCONTRADO]
[12:16:00.007] ERROR - Jugador 279 [NO ENCONTRADO]
[12:16:00.116] ERROR - Jugador 280 [NO ENCONTRADO]
[12:16:00.189] INFO - Escribiendo historial market-value del jugador 274 (61 values)
[12:16:00.192] INFO - Jugador 274 almacenado correctamente
[12:16:00.199] ERROR - Jugador 281 [NO ENCONTRADO]
[12:16:00.228] INFO - Escribiendo historial market-value del jugador 275 (61 values)
[12:16:00.229] INFO - Jugador 275 almacenado correctamente
[12:16:00.314] ERROR - Jugador 282 [NO ENCONTRADO]
[12:16:00.353] ERROR - Jugador 283 [NO ENCONTRADO]
[12:16:00.533] ERROR - Jugador 285 [NO ENCONTRADO]
[12:16:00.634] ERROR - Jugador 286 [NO ENCONTRADO]
[12:16:00.726] ERROR - Jugador 288 [NO ENCONTRADO]
[12:16:00.756] ERROR - Jugador 287 [NO ENCONTRADO]
[12:16:00.791] ERROR - Jugador 289 [NO ENCONTRADO]
[12:16:00.830] ERROR - Jugador 290 [NO ENCONTRADO]
[12:16:00.896] ERROR - Jugador 291 [NO ENCONTRADO]
[12:16:01.113] INFO - Escribiendo historial market-value del jugador 284 (51 values)
[12:16:01.114] ERROR - Jugador 292 [NO ENCONTRADO]
[12:16:01.115] INFO - Jugador 284 almacenado correctamente
[12:16:01.167] ERROR - Jugador 293 [NO ENCONTRADO]
[12:16:01.271] ERROR - Jugador 295 [NO ENCONTRADO]
[12:16:01.344] ERROR - Jugador 297 [NO ENCONTRADO]
[12:16:01.650] ERROR - Jugador 299 [NO ENCONTRADO]
[12:16:01.704] ERROR - Jugador 301 [out_of_league]
[12:16:01.744] INFO - Escribiendo historial market-value del jugador 294 (6 values)
[12:16:01.744] INFO - Jugador 294 almacenado correctamente
[12:16:01.865] INFO - Escribiendo historial market-value del jugador 296 (61 values)
[12:16:01.865] INFO - Jugador 296 almacenado correctamente
[12:16:01.887] ERROR - Jugador 303 [NO ENCONTRADO]
[12:16:01.962] INFO - Escribiendo historial market-value del jugador 298 (61 values)
[12:16:01.963] INFO - Jugador 298 almacenado correctamente
[12:16:02.180] ERROR - Jugador 304 [NO ENCONTRADO]
[12:16:02.197] INFO - Escribiendo historial market-value del jugador 300 (61 values)
[12:16:02.197] INFO - Jugador 300 almacenado correctamente
[12:16:02.236] ERROR - Jugador 305 [NO ENCONTRADO]
[12:16:02.285] ERROR - Jugador 306 [out_of_league]
[12:16:02.292] INFO - Escribiendo historial market-value del jugador 302 (61 values)
[12:16:02.293] INFO - Jugador 302 almacenado correctamente
[12:16:02.396] ERROR - Jugador 307 [out_of_league]
[12:16:02.420] ERROR - Jugador 308 [NO ENCONTRADO]
[12:16:02.507] ERROR - Jugador 309 [NO ENCONTRADO]
[12:16:02.728] ERROR - Jugador 311 [NO ENCONTRADO]
[12:16:02.773] ERROR - Jugador 312 [NO ENCONTRADO]
[12:16:02.814] ERROR - Jugador 313 [NO ENCONTRADO]
[12:16:02.819] ERROR - Jugador 314 [NO ENCONTRADO]
[12:16:02.896] ERROR - Jugador 315 [NO ENCONTRADO]
[12:16:02.963] ERROR - Jugador 316 [NO ENCONTRADO]
[12:16:03.067] ERROR - Jugador 317 [NO ENCONTRADO]
[12:16:03.271] INFO - Escribiendo historial market-value del jugador 310 (61 values)
[12:16:03.272] INFO - Jugador 310 almacenado correctamente
[12:16:03.274] ERROR - Jugador 318 [NO ENCONTRADO]
[12:16:03.300] ERROR - Jugador 319 [NO ENCONTRADO]
[12:16:03.348] ERROR - Jugador 320 [NO ENCONTRADO]
[12:16:03.376] ERROR - Jugador 321 [NO ENCONTRADO]
[12:16:03.396] ERROR - Jugador 322 [NO ENCONTRADO]
[12:16:03.472] ERROR - Jugador 323 [NO ENCONTRADO]
[12:16:03.618] ERROR - Jugador 324 [NO ENCONTRADO]
[12:16:03.832] ERROR - Jugador 326 [NO ENCONTRADO]
[12:16:03.841] ERROR - Jugador 325 [NO ENCONTRADO]
[12:16:03.919] ERROR - Jugador 329 [NO ENCONTRADO]
[12:16:03.927] ERROR - Jugador 330 [NO ENCONTRADO]
[12:16:03.984] ERROR - Jugador 331 [NO ENCONTRADO]
[12:16:04.067] ERROR - Jugador 327 [NO ENCONTRADO]
[12:16:04.101] ERROR - Jugador 328 [NO ENCONTRADO]
[12:16:04.343] ERROR - Jugador 332 [NO ENCONTRADO]
[12:16:04.379] ERROR - Jugador 333 [NO ENCONTRADO]
[12:16:04.390] ERROR - Jugador 334 [NO ENCONTRADO]
[12:16:04.455] ERROR - Jugador 336 [NO ENCONTRADO]
[12:16:04.491] ERROR - Jugador 337 [NO ENCONTRADO]
[12:16:04.608] ERROR - Jugador 338 [NO ENCONTRADO]
[12:16:04.649] ERROR - Jugador 335 [NO ENCONTRADO]
[12:16:04.688] ERROR - Jugador 339 [NO ENCONTRADO]
[12:16:04.879] ERROR - Jugador 340 [NO ENCONTRADO]
[12:16:04.953] ERROR - Jugador 342 [NO ENCONTRADO]
[12:16:04.991] ERROR - Jugador 343 [NO ENCONTRADO]
[12:16:05.126] ERROR - Jugador 345 [NO ENCONTRADO]
[12:16:05.144] ERROR - Jugador 341 [out_of_league]
[12:16:05.197] ERROR - Jugador 346 [NO ENCONTRADO]
[12:16:05.224] ERROR - Jugador 347 [NO ENCONTRADO]
[12:16:05.428] ERROR - Jugador 348 [out_of_league]
[12:16:05.502] ERROR - Jugador 349 [NO ENCONTRADO]
[12:16:05.535] ERROR - Jugador 350 [NO ENCONTRADO]
[12:16:05.550] INFO - Escribiendo historial market-value del jugador 344 (61 values)
[12:16:05.550] INFO - Jugador 344 almacenado correctamente
[12:16:05.684] ERROR - Jugador 351 [NO ENCONTRADO]
[12:16:05.690] ERROR - Jugador 352 [NO ENCONTRADO]
[12:16:05.757] ERROR - Jugador 353 [NO ENCONTRADO]
[12:16:05.787] ERROR - Jugador 354 [NO ENCONTRADO]
[12:16:05.976] ERROR - Jugador 355 [NO ENCONTRADO]
[12:16:06.112] ERROR - Jugador 357 [NO ENCONTRADO]
[12:16:06.141] ERROR - Jugador 358 [NO ENCONTRADO]
[12:16:06.259] ERROR - Jugador 359 [NO ENCONTRADO]
[12:16:06.296] ERROR - Jugador 361 [NO ENCONTRADO]
[12:16:06.347] ERROR - Jugador 362 [NO ENCONTRADO]
[12:16:06.518] ERROR - Jugador 363 [NO ENCONTRADO]
[12:16:06.647] ERROR - Jugador 364 [NO ENCONTRADO]
[12:16:06.654] INFO - Escribiendo historial market-value del jugador 356 (61 values)
[12:16:06.656] INFO - Jugador 356 almacenado correctamente
[12:16:06.675] ERROR - Jugador 365 [out_of_league]
[12:16:06.828] ERROR - Jugador 366 [NO ENCONTRADO]
[12:16:06.844] INFO - Escribiendo historial market-value del jugador 360 (61 values)
[12:16:06.845] INFO - Jugador 360 almacenado correctamente
[12:16:06.856] ERROR - Jugador 367 [NO ENCONTRADO]
[12:16:06.882] ERROR - Jugador 368 [NO ENCONTRADO]
[12:16:07.033] ERROR - Jugador 369 [NO ENCONTRADO]
[12:16:07.209] ERROR - Jugador 370 [NO ENCONTRADO]
[12:16:07.213] ERROR - Jugador 371 [NO ENCONTRADO]
[12:16:07.217] ERROR - Jugador 372 [NO ENCONTRADO]
[12:16:07.343] ERROR - Jugador 373 [NO ENCONTRADO]
[12:16:07.392] ERROR - Jugador 374 [NO ENCONTRADO]
[12:16:07.410] ERROR - Jugador 375 [NO ENCONTRADO]
[12:16:07.420] ERROR - Jugador 376 [NO ENCONTRADO]
[12:16:07.536] ERROR - Jugador 377 [NO ENCONTRADO]
[12:16:07.755] ERROR - Jugador 380 [NO ENCONTRADO]
[12:16:07.774] ERROR - Jugador 379 [NO ENCONTRADO]
[12:16:07.782] ERROR - Jugador 378 [NO ENCONTRADO]
[12:16:07.846] ERROR - Jugador 381 [NO ENCONTRADO]
[12:16:07.911] ERROR - Jugador 382 [NO ENCONTRADO]
[12:16:07.962] ERROR - Jugador 384 [NO ENCONTRADO]
[12:16:07.966] ERROR - Jugador 383 [NO ENCONTRADO]
[12:16:08.086] ERROR - Jugador 385 [NO ENCONTRADO]
[12:16:08.269] ERROR - Jugador 386 [NO ENCONTRADO]
[12:16:08.316] ERROR - Jugador 387 [NO ENCONTRADO]
[12:16:08.328] ERROR - Jugador 388 [NO ENCONTRADO]
[12:16:08.377] ERROR - Jugador 389 [NO ENCONTRADO]
[12:16:08.416] ERROR - Jugador 390 [NO ENCONTRADO]
[12:16:08.513] ERROR - Jugador 391 [NO ENCONTRADO]
[12:16:08.523] ERROR - Jugador 392 [NO ENCONTRADO]
[12:16:08.647] ERROR - Jugador 393 [NO ENCONTRADO]
[12:16:08.812] ERROR - Jugador 394 [NO ENCONTRADO]
[12:16:08.873] ERROR - Jugador 396 [NO ENCONTRADO]
[12:16:08.927] ERROR - Jugador 397 [NO ENCONTRADO]
[12:16:08.940] ERROR - Jugador 398 [NO ENCONTRADO]
[12:16:09.094] ERROR - Jugador 395 [NO ENCONTRADO]
[12:16:09.098] ERROR - Jugador 399 [NO ENCONTRADO]
[12:16:09.099] ERROR - Jugador 400 [NO ENCONTRADO]
[12:16:09.166] ERROR - Jugador 401 [NO ENCONTRADO]
[12:16:09.379] ERROR - Jugador 402 [NO ENCONTRADO]
[12:16:09.417] ERROR - Jugador 403 [NO ENCONTRADO]
[12:16:09.470] ERROR - Jugador 405 [NO ENCONTRADO]
[12:16:09.480] ERROR - Jugador 404 [NO ENCONTRADO]
[12:16:09.686] ERROR - Jugador 406 [NO ENCONTRADO]
[12:16:09.714] ERROR - Jugador 407 [NO ENCONTRADO]
[12:16:09.719] ERROR - Jugador 408 [NO ENCONTRADO]
[12:16:09.744] ERROR - Jugador 409 [NO ENCONTRADO]
[12:16:09.983] ERROR - Jugador 410 [NO ENCONTRADO]
[12:16:10.050] ERROR - Jugador 412 [NO ENCONTRADO]
[12:16:10.067] ERROR - Jugador 411 [NO ENCONTRADO]
[12:16:10.069] ERROR - Jugador 413 [NO ENCONTRADO]
[12:16:10.206] ERROR - Jugador 414 [NO ENCONTRADO]
[12:16:10.272] ERROR - Jugador 416 [NO ENCONTRADO]
[12:16:10.339] ERROR - Jugador 415 [out_of_league]
[12:16:10.345] ERROR - Jugador 417 [NO ENCONTRADO]
[12:16:10.496] ERROR - Jugador 418 [NO ENCONTRADO]
[12:16:10.606] ERROR - Jugador 419 [NO ENCONTRADO]
[12:16:10.655] ERROR - Jugador 420 [NO ENCONTRADO]
[12:16:10.661] ERROR - Jugador 421 [NO ENCONTRADO]
[12:16:10.721] ERROR - Jugador 422 [NO ENCONTRADO]
[12:16:10.801] ERROR - Jugador 423 [NO ENCONTRADO]
[12:16:10.909] ERROR - Jugador 424 [NO ENCONTRADO]
[12:16:10.924] ERROR - Jugador 425 [NO ENCONTRADO]
[12:16:11.031] ERROR - Jugador 426 [NO ENCONTRADO]
[12:16:11.120] ERROR - Jugador 427 [NO ENCONTRADO]
[12:16:11.223] ERROR - Jugador 428 [NO ENCONTRADO]
[12:16:11.236] ERROR - Jugador 429 [NO ENCONTRADO]
[12:16:11.248] ERROR - Jugador 430 [NO ENCONTRADO]
[12:16:11.315] ERROR - Jugador 431 [NO ENCONTRADO]
[12:16:11.453] ERROR - Jugador 432 [NO ENCONTRADO]
[12:16:11.478] ERROR - Jugador 433 [NO ENCONTRADO]
[12:16:11.550] ERROR - Jugador 434 [NO ENCONTRADO]
[12:16:11.625] ERROR - Jugador 435 [NO ENCONTRADO]
[12:16:11.768] ERROR - Jugador 436 [NO ENCONTRADO]
[12:16:11.807] ERROR - Jugador 437 [NO ENCONTRADO]
[12:16:11.811] ERROR - Jugador 438 [NO ENCONTRADO]
[12:16:11.855] ERROR - Jugador 439 [NO ENCONTRADO]
[12:16:11.966] ERROR - Jugador 440 [NO ENCONTRADO]
[12:16:12.019] ERROR - Jugador 441 [NO ENCONTRADO]
[12:16:12.126] ERROR - Jugador 442 [NO ENCONTRADO]
[12:16:12.166] ERROR - Jugador 443 [NO ENCONTRADO]
[12:16:12.286] ERROR - Jugador 444 [NO ENCONTRADO]
[12:16:12.370] ERROR - Jugador 446 [NO ENCONTRADO]
[12:16:12.374] ERROR - Jugador 445 [NO ENCONTRADO]
[12:16:12.392] ERROR - Jugador 447 [NO ENCONTRADO]
[12:16:12.479] ERROR - Jugador 448 [NO ENCONTRADO]
[12:16:12.555] ERROR - Jugador 449 [NO ENCONTRADO]
[12:16:12.690] ERROR - Jugador 450 [NO ENCONTRADO]
[12:16:12.711] ERROR - Jugador 451 [NO ENCONTRADO]
[12:16:12.817] ERROR - Jugador 452 [NO ENCONTRADO]
[12:16:12.936] ERROR - Jugador 453 [NO ENCONTRADO]
[12:16:12.967] ERROR - Jugador 454 [NO ENCONTRADO]
[12:16:12.989] ERROR - Jugador 455 [NO ENCONTRADO]
[12:16:13.012] ERROR - Jugador 456 [NO ENCONTRADO]
[12:16:13.069] ERROR - Jugador 457 [NO ENCONTRADO]
[12:16:13.250] ERROR - Jugador 458 [NO ENCONTRADO]
[12:16:13.288] ERROR - Jugador 459 [NO ENCONTRADO]
[12:16:13.349] ERROR - Jugador 460 [NO ENCONTRADO]
[12:16:13.440] ERROR - Jugador 461 [NO ENCONTRADO]
[12:16:13.500] ERROR - Jugador 462 [NO ENCONTRADO]
[12:16:13.567] ERROR - Jugador 463 [NO ENCONTRADO]
[12:16:13.576] ERROR - Jugador 464 [NO ENCONTRADO]
[12:16:13.601] ERROR - Jugador 465 [NO ENCONTRADO]
[12:16:13.791] ERROR - Jugador 466 [NO ENCONTRADO]
[12:16:13.829] ERROR - Jugador 467 [NO ENCONTRADO]
[12:16:13.899] ERROR - Jugador 468 [NO ENCONTRADO]
[12:16:13.954] ERROR - Jugador 469 [NO ENCONTRADO]
[12:16:14.018] ERROR - Jugador 470 [NO ENCONTRADO]
[12:16:14.125] ERROR - Jugador 471 [NO ENCONTRADO]
[12:16:14.148] ERROR - Jugador 472 [NO ENCONTRADO]
[12:16:14.154] ERROR - Jugador 473 [NO ENCONTRADO]
[12:16:14.328] ERROR - Jugador 474 [NO ENCONTRADO]
[12:16:14.334] ERROR - Jugador 475 [NO ENCONTRADO]
[12:16:14.447] ERROR - Jugador 476 [NO ENCONTRADO]
[12:16:14.473] ERROR - Jugador 477 [NO ENCONTRADO]
[12:16:14.634] ERROR - Jugador 479 [NO ENCONTRADO]
[12:16:14.697] ERROR - Jugador 481 [NO ENCONTRADO]
[12:16:14.732] ERROR - Jugador 480 [NO ENCONTRADO]
[12:16:14.869] ERROR - Jugador 482 [NO ENCONTRADO]
[12:16:14.875] ERROR - Jugador 483 [NO ENCONTRADO]
[12:16:15.005] ERROR - Jugador 484 [NO ENCONTRADO]
[12:16:15.014] ERROR - Jugador 485 [NO ENCONTRADO]
[12:16:15.065] INFO - Escribiendo historial market-value del jugador 478 (18 values)
[12:16:15.066] INFO - Jugador 478 almacenado correctamente
[12:16:15.171] ERROR - Jugador 486 [NO ENCONTRADO]
[12:16:15.212] ERROR - Jugador 487 [NO ENCONTRADO]
[12:16:15.273] ERROR - Jugador 488 [NO ENCONTRADO]
[12:16:15.424] ERROR - Jugador 490 [NO ENCONTRADO]
[12:16:15.442] ERROR - Jugador 489 [NO ENCONTRADO]
[12:16:15.561] ERROR - Jugador 491 [NO ENCONTRADO]
[12:16:15.574] ERROR - Jugador 492 [NO ENCONTRADO]
[12:16:15.589] ERROR - Jugador 493 [NO ENCONTRADO]
[12:16:15.720] ERROR - Jugador 494 [NO ENCONTRADO]
[12:16:15.747] ERROR - Jugador 495 [NO ENCONTRADO]
[12:16:15.837] ERROR - Jugador 496 [NO ENCONTRADO]
[12:16:15.972] ERROR - Jugador 497 [NO ENCONTRADO]
[12:16:16.001] ERROR - Jugador 498 [NO ENCONTRADO]
[12:16:16.122] ERROR - Jugador 499 [NO ENCONTRADO]
[12:16:16.148] ERROR - Jugador 500 [NO ENCONTRADO]
[12:16:16.151] ERROR - Jugador 501 [NO ENCONTRADO]
[12:16:16.286] ERROR - Jugador 503 [NO ENCONTRADO]
[12:16:16.291] ERROR - Jugador 502 [NO ENCONTRADO]
[12:16:16.405] ERROR - Jugador 504 [NO ENCONTRADO]
[12:16:16.477] ERROR - Jugador 505 [NO ENCONTRADO]
[12:16:16.560] ERROR - Jugador 506 [NO ENCONTRADO]
[12:16:16.669] ERROR - Jugador 507 [NO ENCONTRADO]
[12:16:16.709] ERROR - Jugador 509 [NO ENCONTRADO]
[12:16:16.714] ERROR - Jugador 508 [NO ENCONTRADO]
[12:16:16.815] ERROR - Jugador 510 [NO ENCONTRADO]
[12:16:16.843] ERROR - Jugador 511 [NO ENCONTRADO]
[12:16:16.948] ERROR - Jugador 512 [NO ENCONTRADO]
[12:16:17.021] ERROR - Jugador 513 [NO ENCONTRADO]
[12:16:17.139] ERROR - Jugador 514 [NO ENCONTRADO]
[12:16:17.286] ERROR - Jugador 515 [NO ENCONTRADO]
[12:16:17.296] ERROR - Jugador 517 [NO ENCONTRADO]
[12:16:17.300] ERROR - Jugador 516 [NO ENCONTRADO]
[12:16:17.364] ERROR - Jugador 518 [NO ENCONTRADO]
[12:16:17.369] ERROR - Jugador 519 [NO ENCONTRADO]
[12:16:17.455] ERROR - Jugador 520 [NO ENCONTRADO]
[12:16:17.585] ERROR - Jugador 521 [NO ENCONTRADO]
[12:16:17.676] ERROR - Jugador 522 [NO ENCONTRADO]
[12:16:17.830] ERROR - Jugador 523 [NO ENCONTRADO]
[12:16:17.888] ERROR - Jugador 525 [NO ENCONTRADO]
[12:16:17.893] ERROR - Jugador 524 [NO ENCONTRADO]
[12:16:17.930] ERROR - Jugador 527 [NO ENCONTRADO]
[12:16:17.934] ERROR - Jugador 526 [NO ENCONTRADO]
[12:16:17.982] ERROR - Jugador 528 [NO ENCONTRADO]
[12:16:18.136] ERROR - Jugador 529 [NO ENCONTRADO]
[12:16:18.246] ERROR - Jugador 530 [NO ENCONTRADO]
[12:16:18.343] ERROR - Jugador 531 [NO ENCONTRADO]
[12:16:18.449] ERROR - Jugador 532 [NO ENCONTRADO]
[12:16:18.453] ERROR - Jugador 533 [NO ENCONTRADO]
[12:16:18.471] ERROR - Jugador 534 [NO ENCONTRADO]
[12:16:18.497] ERROR - Jugador 535 [NO ENCONTRADO]
[12:16:18.506] ERROR - Jugador 536 [NO ENCONTRADO]
[12:16:18.660] ERROR - Jugador 537 [NO ENCONTRADO]
[12:16:18.801] ERROR - Jugador 538 [NO ENCONTRADO]
[12:16:18.848] ERROR - Jugador 539 [NO ENCONTRADO]
[12:16:18.978] ERROR - Jugador 541 [out_of_league]
[12:16:18.998] ERROR - Jugador 540 [NO ENCONTRADO]
[12:16:19.018] ERROR - Jugador 542 [NO ENCONTRADO]
[12:16:19.048] ERROR - Jugador 543 [NO ENCONTRADO]
[12:16:19.176] ERROR - Jugador 545 [NO ENCONTRADO]
[12:16:19.362] ERROR - Jugador 546 [NO ENCONTRADO]
[12:16:19.488] ERROR - Jugador 548 [NO ENCONTRADO]
[12:16:19.534] ERROR - Jugador 549 [NO ENCONTRADO]
[12:16:19.544] ERROR - Jugador 550 [NO ENCONTRADO]
[12:16:19.594] ERROR - Jugador 551 [NO ENCONTRADO]
[12:16:19.627] INFO - Escribiendo historial market-value del jugador 544 (59 values)
[12:16:19.628] INFO - Jugador 544 almacenado correctamente
[12:16:19.684] ERROR - Jugador 552 [NO ENCONTRADO]
[12:16:19.895] ERROR - Jugador 553 [NO ENCONTRADO]
[12:16:19.941] INFO - Escribiendo historial market-value del jugador 547 (61 values)
[12:16:19.942] INFO - Jugador 547 almacenado correctamente
[12:16:20.008] ERROR - Jugador 554 [NO ENCONTRADO]
[12:16:20.069] ERROR - Jugador 555 [NO ENCONTRADO]
[12:16:20.084] ERROR - Jugador 556 [NO ENCONTRADO]
[12:16:20.444] ERROR - Jugador 560 [NO ENCONTRADO]
[12:16:20.503] ERROR - Jugador 561 [NO ENCONTRADO]
[12:16:20.530] ERROR - Jugador 562 [NO ENCONTRADO]
[12:16:20.593] ERROR - Jugador 563 [NO ENCONTRADO]
[12:16:20.626] ERROR - Jugador 564 [NO ENCONTRADO]
[12:16:20.640] INFO - Escribiendo historial market-value del jugador 557 (61 values)
[12:16:20.641] INFO - Jugador 557 almacenado correctamente
[12:16:20.759] INFO - Escribiendo historial market-value del jugador 558 (61 values)
[12:16:20.760] INFO - Jugador 558 almacenado correctamente
[12:16:20.771] INFO - Escribiendo historial market-value del jugador 559 (61 values)
[12:16:20.772] INFO - Jugador 559 almacenado correctamente
[12:16:20.944] ERROR - Jugador 565 [NO ENCONTRADO]
[12:16:21.133] ERROR - Jugador 568 [NO ENCONTRADO]
[12:16:21.155] ERROR - Jugador 569 [NO ENCONTRADO]
[12:16:21.174] ERROR - Jugador 570 [NO ENCONTRADO]
[12:16:21.304] ERROR - Jugador 571 [NO ENCONTRADO]
[12:16:21.337] ERROR - Jugador 572 [NO ENCONTRADO]
[12:16:21.462] ERROR - Jugador 573 [NO ENCONTRADO]
[12:16:21.644] INFO - Escribiendo historial market-value del jugador 567 (61 values)
[12:16:21.645] INFO - Jugador 567 almacenado correctamente
[12:16:21.684] INFO - Escribiendo historial market-value del jugador 566 (59 values)
[12:16:21.684] INFO - Jugador 566 almacenado correctamente
[12:16:21.709] ERROR - Jugador 575 [NO ENCONTRADO]
[12:16:21.726] ERROR - Jugador 576 [NO ENCONTRADO]
[12:16:21.821] ERROR - Jugador 577 [NO ENCONTRADO]
[12:16:21.905] ERROR - Jugador 578 [NO ENCONTRADO]
[12:16:22.034] ERROR - Jugador 579 [NO ENCONTRADO]
[12:16:22.220] ERROR - Jugador 580 [NO ENCONTRADO]
[12:16:22.252] INFO - Escribiendo historial market-value del jugador 574 (61 values)
[12:16:22.255] INFO - Jugador 574 almacenado correctamente
[12:16:22.268] ERROR - Jugador 582 [NO ENCONTRADO]
[12:16:22.284] ERROR - Jugador 583 [NO ENCONTRADO]
[12:16:22.353] ERROR - Jugador 584 [NO ENCONTRADO]
[12:16:22.427] ERROR - Jugador 585 [NO ENCONTRADO]
[12:16:22.580] ERROR - Jugador 586 [NO ENCONTRADO]
[12:16:22.779] ERROR - Jugador 587 [NO ENCONTRADO]
[12:16:22.844] INFO - Escribiendo historial market-value del jugador 581 (61 values)
[12:16:22.845] INFO - Jugador 581 almacenado correctamente
[12:16:22.852] ERROR - Jugador 589 [NO ENCONTRADO]
[12:16:22.867] ERROR - Jugador 588 [NO ENCONTRADO]
[12:16:22.891] ERROR - Jugador 590 [NO ENCONTRADO]
[12:16:22.892] ERROR - Jugador 591 [NO ENCONTRADO]
[12:16:22.935] ERROR - Jugador 592 [NO ENCONTRADO]
[12:16:23.200] ERROR - Jugador 593 [NO ENCONTRADO]
[12:16:23.280] ERROR - Jugador 594 [NO ENCONTRADO]
[12:16:23.391] ERROR - Jugador 595 [NO ENCONTRADO]
[12:16:23.406] ERROR - Jugador 596 [NO ENCONTRADO]
[12:16:23.467] ERROR - Jugador 597 [NO ENCONTRADO]
[12:16:23.495] ERROR - Jugador 598 [NO ENCONTRADO]
[12:16:23.499] ERROR - Jugador 599 [NO ENCONTRADO]
[12:16:23.520] ERROR - Jugador 600 [NO ENCONTRADO]
[12:16:23.781] ERROR - Jugador 601 [NO ENCONTRADO]
[12:16:23.837] ERROR - Jugador 602 [NO ENCONTRADO]
[12:16:23.913] ERROR - Jugador 603 [NO ENCONTRADO]
[12:16:23.932] ERROR - Jugador 604 [NO ENCONTRADO]
[12:16:23.973] ERROR - Jugador 605 [NO ENCONTRADO]
[12:16:24.118] ERROR - Jugador 606 [NO ENCONTRADO]
[12:16:24.122] ERROR - Jugador 607 [NO ENCONTRADO]
[12:16:24.126] ERROR - Jugador 608 [out_of_league]
[12:16:24.333] ERROR - Jugador 609 [NO ENCONTRADO]
[12:16:24.381] ERROR - Jugador 610 [NO ENCONTRADO]
[12:16:24.453] ERROR - Jugador 611 [NO ENCONTRADO]
[12:16:24.478] ERROR - Jugador 612 [NO ENCONTRADO]
[12:16:24.488] ERROR - Jugador 613 [NO ENCONTRADO]
[12:16:24.674] ERROR - Jugador 614 [NO ENCONTRADO]
[12:16:24.689] ERROR - Jugador 615 [NO ENCONTRADO]
[12:16:24.702] ERROR - Jugador 616 [NO ENCONTRADO]
[12:16:24.846] ERROR - Jugador 617 [NO ENCONTRADO]
[12:16:24.914] ERROR - Jugador 618 [NO ENCONTRADO]
[12:16:25.038] ERROR - Jugador 619 [NO ENCONTRADO]
[12:16:25.043] ERROR - Jugador 621 [NO ENCONTRADO]
[12:16:25.053] ERROR - Jugador 620 [NO ENCONTRADO]
[12:16:25.223] ERROR - Jugador 622 [NO ENCONTRADO]
[12:16:25.259] ERROR - Jugador 624 [NO ENCONTRADO]
[12:16:25.260] ERROR - Jugador 623 [NO ENCONTRADO]
[12:16:25.387] ERROR - Jugador 625 [NO ENCONTRADO]
[12:16:25.421] ERROR - Jugador 626 [NO ENCONTRADO]
[12:16:25.585] ERROR - Jugador 627 [NO ENCONTRADO]
[12:16:25.599] ERROR - Jugador 628 [NO ENCONTRADO]
[12:16:25.607] ERROR - Jugador 629 [NO ENCONTRADO]
[12:16:25.723] ERROR - Jugador 630 [NO ENCONTRADO]
[12:16:25.883] ERROR - Jugador 631 [NO ENCONTRADO]
[12:16:25.893] ERROR - Jugador 632 [NO ENCONTRADO]
[12:16:25.934] ERROR - Jugador 633 [NO ENCONTRADO]
[12:16:25.940] ERROR - Jugador 634 [NO ENCONTRADO]
[12:16:26.201] ERROR - Jugador 635 [NO ENCONTRADO]
[12:16:26.231] ERROR - Jugador 636 [NO ENCONTRADO]
[12:16:26.272] ERROR - Jugador 638 [NO ENCONTRADO]
[12:16:26.459] ERROR - Jugador 639 [NO ENCONTRADO]
[12:16:26.500] ERROR - Jugador 640 [NO ENCONTRADO]
[12:16:26.586] ERROR - Jugador 641 [NO ENCONTRADO]
[12:16:26.773] ERROR - Jugador 643 [NO ENCONTRADO]
[12:16:26.961] ERROR - Jugador 646 [NO ENCONTRADO]
[12:16:27.020] ERROR - Jugador 647 [NO ENCONTRADO]
[12:16:27.031] INFO - Escribiendo historial market-value del jugador 637 (61 values)
[12:16:27.032] INFO - Jugador 637 almacenado correctamente
[12:16:27.159] INFO - Escribiendo historial market-value del jugador 642 (18 values)
[12:16:27.160] INFO - Jugador 642 almacenado correctamente
[12:16:27.169] ERROR - Jugador 648 [NO ENCONTRADO]
[12:16:27.397] INFO - Escribiendo historial market-value del jugador 645 (61 values)
[12:16:27.397] INFO - Jugador 645 almacenado correctamente
[12:16:27.408] INFO - Escribiendo historial market-value del jugador 644 (61 values)
[12:16:27.409] INFO - Jugador 644 almacenado correctamente
[12:16:27.491] ERROR - Jugador 650 [out_of_league]
[12:16:27.716] ERROR - Jugador 654 [NO ENCONTRADO]
[12:16:27.743] ERROR - Jugador 653 [NO ENCONTRADO]
[12:16:27.859] INFO - Escribiendo historial market-value del jugador 649 (61 values)
[12:16:27.860] INFO - Jugador 649 almacenado correctamente
[12:16:27.943] ERROR - Jugador 655 [NO ENCONTRADO]
[12:16:27.952] ERROR - Jugador 656 [NO ENCONTRADO]
[12:16:28.010] ERROR - Jugador 657 [NO ENCONTRADO]
[12:16:28.152] INFO - Escribiendo historial market-value del jugador 651 (61 values)
[12:16:28.153] INFO - Jugador 651 almacenado correctamente
[12:16:28.162] INFO - Escribiendo historial market-value del jugador 652 (18 values)
[12:16:28.162] INFO - Jugador 652 almacenado correctamente
[12:16:28.259] ERROR - Jugador 658 [NO ENCONTRADO]
[12:16:28.284] ERROR - Jugador 659 [NO ENCONTRADO]
[12:16:28.415] ERROR - Jugador 660 [NO ENCONTRADO]
[12:16:28.474] ERROR - Jugador 661 [NO ENCONTRADO]
[12:16:28.489] ERROR - Jugador 662 [NO ENCONTRADO]
[12:16:28.551] ERROR - Jugador 663 [NO ENCONTRADO]
[12:16:28.827] ERROR - Jugador 667 [NO ENCONTRADO]
[12:16:28.934] ERROR - Jugador 664 [out_of_league]
[12:16:28.935] ERROR - Jugador 668 [NO ENCONTRADO]
[12:16:29.020] ERROR - Jugador 670 [NO ENCONTRADO]
[12:16:29.023] ERROR - Jugador 669 [NO ENCONTRADO]
[12:16:29.072] ERROR - Jugador 671 [NO ENCONTRADO]
[12:16:29.260] INFO - Escribiendo historial market-value del jugador 665 (61 values)
[12:16:29.261] INFO - Jugador 665 almacenado correctamente
[12:16:29.369] ERROR - Jugador 672 [NO ENCONTRADO]
[12:16:29.380] INFO - Escribiendo historial market-value del jugador 666 (59 values)
[12:16:29.382] INFO - Jugador 666 almacenado correctamente
[12:16:29.460] ERROR - Jugador 674 [NO ENCONTRADO]
[12:16:29.575] ERROR - Jugador 675 [out_of_league]
[12:16:29.601] ERROR - Jugador 676 [NO ENCONTRADO]
[12:16:29.609] ERROR - Jugador 677 [NO ENCONTRADO]
[12:16:29.780] ERROR - Jugador 678 [NO ENCONTRADO]
[12:16:29.918] ERROR - Jugador 679 [NO ENCONTRADO]
[12:16:30.011] INFO - Escribiendo historial market-value del jugador 673 (61 values)
[12:16:30.012] INFO - Jugador 673 almacenado correctamente
[12:16:30.086] ERROR - Jugador 682 [NO ENCONTRADO]
[12:16:30.174] ERROR - Jugador 684 [NO ENCONTRADO]
[12:16:30.307] ERROR - Jugador 685 [NO ENCONTRADO]
[12:16:30.434] ERROR - Jugador 686 [NO ENCONTRADO]
[12:16:30.498] INFO - Escribiendo historial market-value del jugador 680 (61 values)
[12:16:30.499] INFO - Jugador 680 almacenado correctamente
[12:16:30.532] INFO - Escribiendo historial market-value del jugador 681 (61 values)
[12:16:30.533] INFO - Jugador 681 almacenado correctamente
[12:16:30.594] ERROR - Jugador 688 [NO ENCONTRADO]
[12:16:30.725] ERROR - Jugador 689 [NO ENCONTRADO]
[12:16:30.749] INFO - Escribiendo historial market-value del jugador 683 (61 values)
[12:16:30.750] INFO - Jugador 683 almacenado correctamente
[12:16:30.812] ERROR - Jugador 690 [NO ENCONTRADO]
[12:16:30.879] ERROR - Jugador 687 [NO ENCONTRADO]
[12:16:30.950] ERROR - Jugador 691 [NO ENCONTRADO]
[12:16:31.021] ERROR - Jugador 692 [NO ENCONTRADO]
[12:16:31.055] ERROR - Jugador 693 [NO ENCONTRADO]
[12:16:31.099] ERROR - Jugador 694 [NO ENCONTRADO]
[12:16:31.245] ERROR - Jugador 695 [NO ENCONTRADO]
[12:16:31.284] ERROR - Jugador 696 [NO ENCONTRADO]
[12:16:31.329] ERROR - Jugador 697 [NO ENCONTRADO]
[12:16:31.388] ERROR - Jugador 698 [NO ENCONTRADO]
[12:16:31.453] ERROR - Jugador 699 [NO ENCONTRADO]
[12:16:31.535] ERROR - Jugador 700 [NO ENCONTRADO]
[12:16:31.635] ERROR - Jugador 702 [NO ENCONTRADO]
[12:16:31.744] ERROR - Jugador 703 [NO ENCONTRADO]
[12:16:31.820] ERROR - Jugador 704 [out_of_league]
[12:16:31.862] ERROR - Jugador 705 [NO ENCONTRADO]
[12:16:31.902] ERROR - Jugador 706 [NO ENCONTRADO]
[12:16:31.952] ERROR - Jugador 707 [NO ENCONTRADO]
[12:16:32.062] ERROR - Jugador 708 [NO ENCONTRADO]
[12:16:32.175] INFO - Escribiendo historial market-value del jugador 701 (61 values)
[12:16:32.175] INFO - Jugador 701 almacenado correctamente
[12:16:32.185] ERROR - Jugador 709 [NO ENCONTRADO]
[12:16:32.248] ERROR - Jugador 710 [NO ENCONTRADO]
[12:16:32.354] ERROR - Jugador 711 [NO ENCONTRADO]
[12:16:32.378] ERROR - Jugador 712 [NO ENCONTRADO]
[12:16:32.437] ERROR - Jugador 713 [NO ENCONTRADO]
[12:16:32.486] ERROR - Jugador 714 [NO ENCONTRADO]
[12:16:32.766] ERROR - Jugador 717 [NO ENCONTRADO]
[12:16:32.771] ERROR - Jugador 716 [NO ENCONTRADO]
[12:16:32.783] ERROR - Jugador 718 [NO ENCONTRADO]
[12:16:32.904] ERROR - Jugador 719 [NO ENCONTRADO]
[12:16:32.908] ERROR - Jugador 720 [NO ENCONTRADO]
[12:16:32.972] ERROR - Jugador 721 [NO ENCONTRADO]
[12:16:33.038] ERROR - Jugador 722 [NO ENCONTRADO]
[12:16:33.120] INFO - Escribiendo historial market-value del jugador 715 (61 values)
[12:16:33.121] INFO - Jugador 715 almacenado correctamente
[12:16:33.345] ERROR - Jugador 725 [NO ENCONTRADO]
[12:16:33.345] ERROR - Jugador 723 [NO ENCONTRADO]
[12:16:33.369] ERROR - Jugador 724 [NO ENCONTRADO]
[12:16:33.471] ERROR - Jugador 727 [NO ENCONTRADO]
[12:16:33.477] ERROR - Jugador 728 [NO ENCONTRADO]
[12:16:33.589] ERROR - Jugador 729 [NO ENCONTRADO]
[12:16:33.643] ERROR - Jugador 726 [NO ENCONTRADO]
[12:16:33.659] ERROR - Jugador 730 [NO ENCONTRADO]
[12:16:33.913] ERROR - Jugador 731 [NO ENCONTRADO]
[12:16:33.921] ERROR - Jugador 732 [NO ENCONTRADO]
[12:16:33.944] ERROR - Jugador 733 [NO ENCONTRADO]
[12:16:34.007] ERROR - Jugador 735 [NO ENCONTRADO]
[12:16:34.011] ERROR - Jugador 734 [NO ENCONTRADO]
[12:16:34.092] ERROR - Jugador 736 [NO ENCONTRADO]
[12:16:34.240] ERROR - Jugador 738 [NO ENCONTRADO]
[12:16:34.246] ERROR - Jugador 737 [NO ENCONTRADO]
[12:16:34.443] ERROR - Jugador 739 [NO ENCONTRADO]
[12:16:34.485] ERROR - Jugador 740 [NO ENCONTRADO]
[12:16:34.533] ERROR - Jugador 741 [NO ENCONTRADO]
[12:16:34.571] ERROR - Jugador 743 [NO ENCONTRADO]
[12:16:34.601] ERROR - Jugador 744 [NO ENCONTRADO]
[12:16:34.821] ERROR - Jugador 746 [NO ENCONTRADO]
[12:16:34.825] ERROR - Jugador 745 [NO ENCONTRADO]
[12:16:34.954] ERROR - Jugador 747 [NO ENCONTRADO]
[12:16:34.993] ERROR - Jugador 748 [NO ENCONTRADO]
[12:16:35.059] ERROR - Jugador 749 [NO ENCONTRADO]
[12:16:35.133] ERROR - Jugador 750 [NO ENCONTRADO]
[12:16:35.152] ERROR - Jugador 751 [NO ENCONTRADO]
[12:16:35.156] INFO - Escribiendo historial market-value del jugador 742 (61 values)
[12:16:35.157] INFO - Jugador 742 almacenado correctamente
[12:16:35.364] ERROR - Jugador 752 [NO ENCONTRADO]
[12:16:35.377] ERROR - Jugador 753 [NO ENCONTRADO]
[12:16:35.467] ERROR - Jugador 754 [NO ENCONTRADO]
[12:16:35.521] ERROR - Jugador 755 [NO ENCONTRADO]
[12:16:35.562] ERROR - Jugador 756 [NO ENCONTRADO]
[12:16:35.680] ERROR - Jugador 757 [NO ENCONTRADO]
[12:16:35.700] ERROR - Jugador 758 [NO ENCONTRADO]
[12:16:35.719] ERROR - Jugador 759 [NO ENCONTRADO]
[12:16:35.892] ERROR - Jugador 760 [NO ENCONTRADO]
[12:16:35.930] ERROR - Jugador 761 [NO ENCONTRADO]
[12:16:35.996] ERROR - Jugador 762 [NO ENCONTRADO]
[12:16:36.030] ERROR - Jugador 763 [NO ENCONTRADO]
[12:16:36.065] ERROR - Jugador 764 [NO ENCONTRADO]
[12:16:36.196] ERROR - Jugador 765 [NO ENCONTRADO]
[12:16:36.258] ERROR - Jugador 767 [NO ENCONTRADO]
[12:16:36.528] ERROR - Jugador 770 [NO ENCONTRADO]
[12:16:36.698] ERROR - Jugador 773 [NO ENCONTRADO]
[12:16:36.985] ERROR - Jugador 774 [NO ENCONTRADO]
[12:16:37.197] ERROR - Jugador 776 [NO ENCONTRADO]
[12:16:37.498] ERROR - Jugador 777 [NO ENCONTRADO]
[12:16:37.552] INFO - Escribiendo historial market-value del jugador 766 (61 values)
[12:16:37.553] INFO - Jugador 766 almacenado correctamente
[12:16:37.713] ERROR - Jugador 778 [NO ENCONTRADO]
[12:16:38.005] ERROR - Jugador 779 [NO ENCONTRADO]
[12:16:38.065] ERROR - Jugador 780 [NO ENCONTRADO]
[12:16:38.228] ERROR - Jugador 781 [NO ENCONTRADO]
[12:16:38.523] ERROR - Jugador 782 [NO ENCONTRADO]
[12:16:38.593] ERROR - Jugador 783 [NO ENCONTRADO]
[12:16:38.726] ERROR - Jugador 784 [NO ENCONTRADO]
[12:16:39.025] ERROR - Jugador 785 [NO ENCONTRADO]
[12:16:39.236] ERROR - Jugador 787 [NO ENCONTRADO]
[12:16:39.533] ERROR - Jugador 788 [NO ENCONTRADO]
[12:16:39.654] INFO - Escribiendo historial market-value del jugador 786 (61 values)
[12:16:39.655] INFO - Jugador 786 almacenado correctamente
[12:16:39.739] ERROR - Jugador 789 [NO ENCONTRADO]
[12:16:40.042] ERROR - Jugador 790 [NO ENCONTRADO]
[12:16:40.160] ERROR - Jugador 791 [NO ENCONTRADO]
[12:16:40.273] ERROR - Jugador 792 [NO ENCONTRADO]
[12:16:40.771] ERROR - Jugador 793 [NO ENCONTRADO]
[12:16:40.797] ERROR - Jugador 795 [NO ENCONTRADO]
[12:16:40.870] ERROR - Jugador 794 [NO ENCONTRADO]
[12:16:41.271] ERROR - Jugador 796 [NO ENCONTRADO]
[12:16:41.331] ERROR - Jugador 797 [NO ENCONTRADO]
[12:16:41.371] ERROR - Jugador 798 [NO ENCONTRADO]
[12:16:41.448] ERROR - Jugador 769 [NO ENCONTRADO]
[12:16:41.562] ERROR - Jugador 771 [NO ENCONTRADO]
[12:16:41.599] ERROR - Jugador 772 [NO ENCONTRADO]
[12:16:41.820] ERROR - Jugador 799 [NO ENCONTRADO]
[12:16:41.871] ERROR - Jugador 800 [NO ENCONTRADO]
[12:16:41.949] ERROR - Jugador 802 [NO ENCONTRADO]
[12:16:42.057] ERROR - Jugador 775 [out_of_league]
[12:16:42.095] ERROR - Jugador 803 [NO ENCONTRADO]
[12:16:42.131] ERROR - Jugador 804 [NO ENCONTRADO]
[12:16:42.335] ERROR - Jugador 805 [NO ENCONTRADO]
[12:16:42.401] ERROR - Jugador 806 [NO ENCONTRADO]
[12:16:42.430] INFO - Escribiendo historial market-value del jugador 801 (61 values)
[12:16:42.431] INFO - Jugador 801 almacenado correctamente
[12:16:42.458] ERROR - Jugador 807 [NO ENCONTRADO]
[12:16:42.620] ERROR - Jugador 809 [NO ENCONTRADO]
[12:16:42.712] ERROR - Jugador 810 [NO ENCONTRADO]
[12:16:42.851] ERROR - Jugador 811 [NO ENCONTRADO]
[12:16:42.959] ERROR - Jugador 812 [NO ENCONTRADO]
[12:16:42.969] INFO - Escribiendo historial market-value del jugador 768 (61 values)
[12:16:42.970] INFO - Jugador 768 almacenado correctamente
[12:16:43.002] ERROR - Jugador 813 [NO ENCONTRADO]
[12:16:43.121] ERROR - Jugador 814 [NO ENCONTRADO]
[12:16:43.147] ERROR - Jugador 815 [NO ENCONTRADO]
[12:16:43.272] ERROR - Jugador 816 [NO ENCONTRADO]
[12:16:43.387] ERROR - Jugador 817 [NO ENCONTRADO]
[12:16:43.464] ERROR - Jugador 818 [NO ENCONTRADO]
[12:16:43.507] ERROR - Jugador 819 [NO ENCONTRADO]
[12:16:43.539] ERROR - Jugador 820 [NO ENCONTRADO]
[12:16:43.641] ERROR - Jugador 821 [NO ENCONTRADO]
[12:16:43.671] ERROR - Jugador 822 [NO ENCONTRADO]
[12:16:43.815] ERROR - Jugador 823 [NO ENCONTRADO]
[12:16:43.941] ERROR - Jugador 824 [NO ENCONTRADO]
[12:16:43.975] ERROR - Jugador 825 [NO ENCONTRADO]
[12:16:44.005] ERROR - Jugador 826 [NO ENCONTRADO]
[12:16:44.063] ERROR - Jugador 827 [NO ENCONTRADO]
[12:16:44.216] ERROR - Jugador 828 [NO ENCONTRADO]
[12:16:44.216] ERROR - Jugador 829 [NO ENCONTRADO]
[12:16:44.345] ERROR - Jugador 830 [NO ENCONTRADO]
[12:16:44.510] ERROR - Jugador 831 [NO ENCONTRADO]
[12:16:44.536] ERROR - Jugador 833 [NO ENCONTRADO]
[12:16:44.540] ERROR - Jugador 832 [NO ENCONTRADO]
[12:16:44.591] ERROR - Jugador 834 [NO ENCONTRADO]
[12:16:44.811] ERROR - Jugador 835 [NO ENCONTRADO]
[12:16:44.869] ERROR - Jugador 837 [NO ENCONTRADO]
[12:16:45.035] ERROR - Jugador 838 [NO ENCONTRADO]
[12:16:45.103] ERROR - Jugador 839 [NO ENCONTRADO]
[12:16:45.107] ERROR - Jugador 840 [NO ENCONTRADO]
[12:16:45.143] ERROR - Jugador 841 [NO ENCONTRADO]
[12:16:45.384] ERROR - Jugador 842 [NO ENCONTRADO]
[12:16:45.416] ERROR - Jugador 843 [NO ENCONTRADO]
[12:16:45.548] ERROR - Jugador 836 [NO ENCONTRADO]
[12:16:45.558] ERROR - Jugador 844 [NO ENCONTRADO]
[12:16:45.685] ERROR - Jugador 845 [NO ENCONTRADO]
[12:16:45.692] ERROR - Jugador 846 [NO ENCONTRADO]
[12:16:45.706] ERROR - Jugador 847 [NO ENCONTRADO]
[12:16:45.987] ERROR - Jugador 848 [NO ENCONTRADO]
[12:16:45.993] ERROR - Jugador 849 [NO ENCONTRADO]
[12:16:46.095] ERROR - Jugador 851 [NO ENCONTRADO]
[12:16:46.240] ERROR - Jugador 852 [NO ENCONTRADO]
[12:16:46.296] ERROR - Jugador 854 [NO ENCONTRADO]
[12:16:46.570] ERROR - Jugador 855 [out_of_league]
[12:16:46.626] ERROR - Jugador 857 [NO ENCONTRADO]
[12:16:46.644] INFO - Escribiendo historial market-value del jugador 850 (61 values)
[12:16:46.645] INFO - Jugador 850 almacenado correctamente
[12:16:46.746] ERROR - Jugador 858 [NO ENCONTRADO]
[12:16:46.828] INFO - Escribiendo historial market-value del jugador 853 (61 values)
[12:16:46.828] INFO - Jugador 853 almacenado correctamente
[12:16:47.145] INFO - Escribiendo historial market-value del jugador 856 (61 values)
[12:16:47.146] INFO - Jugador 856 almacenado correctamente
[12:16:47.153] ERROR - Jugador 860 [NO ENCONTRADO]
[12:16:47.186] ERROR - Jugador 862 [NO ENCONTRADO]
[12:16:47.194] ERROR - Jugador 861 [NO ENCONTRADO]
[12:16:47.280] ERROR - Jugador 863 [NO ENCONTRADO]
[12:16:47.333] ERROR - Jugador 864 [NO ENCONTRADO]
[12:16:47.447] INFO - Escribiendo historial market-value del jugador 859 (61 values)
[12:16:47.448] INFO - Jugador 859 almacenado correctamente
[12:16:47.685] ERROR - Jugador 865 [NO ENCONTRADO]
[12:16:47.727] ERROR - Jugador 866 [NO ENCONTRADO]
[12:16:47.754] ERROR - Jugador 867 [NO ENCONTRADO]
[12:16:47.772] ERROR - Jugador 868 [NO ENCONTRADO]
[12:16:47.805] ERROR - Jugador 869 [NO ENCONTRADO]
[12:16:47.841] ERROR - Jugador 870 [NO ENCONTRADO]
[12:16:48.003] ERROR - Jugador 871 [NO ENCONTRADO]
[12:16:48.191] ERROR - Jugador 872 [NO ENCONTRADO]
[12:16:48.320] ERROR - Jugador 875 [NO ENCONTRADO]
[12:16:48.347] ERROR - Jugador 877 [NO ENCONTRADO]
[12:16:48.542] ERROR - Jugador 878 [NO ENCONTRADO]
[12:16:48.693] ERROR - Jugador 879 [NO ENCONTRADO]
[12:16:48.789] INFO - Escribiendo historial market-value del jugador 873 (61 values)
[12:16:48.790] INFO - Jugador 873 almacenado correctamente
[12:16:48.840] ERROR - Jugador 880 [NO ENCONTRADO]
[12:16:48.885] INFO - Escribiendo historial market-value del jugador 876 (61 values)
[12:16:48.886] ERROR - Jugador 881 [NO ENCONTRADO]
[12:16:48.887] INFO - Jugador 876 almacenado correctamente
[12:16:49.189] ERROR - Jugador 883 [NO ENCONTRADO]
[12:16:49.291] ERROR - Jugador 884 [NO ENCONTRADO]
[12:16:49.361] ERROR - Jugador 885 [NO ENCONTRADO]
[12:16:49.424] ERROR - Jugador 887 [NO ENCONTRADO]
[12:16:49.620] INFO - Escribiendo historial market-value del jugador 882 (61 values)
[12:16:49.621] INFO - Jugador 882 almacenado correctamente
[12:16:49.722] ERROR - Jugador 888 [NO ENCONTRADO]
[12:16:49.830] INFO - Escribiendo historial market-value del jugador 874 (18 values)
[12:16:49.830] INFO - Jugador 874 almacenado correctamente
[12:16:49.884] ERROR - Jugador 890 [NO ENCONTRADO]
[12:16:49.957] INFO - Escribiendo historial market-value del jugador 886 (61 values)
[12:16:49.957] INFO - Jugador 886 almacenado correctamente
[12:16:49.973] ERROR - Jugador 891 [NO ENCONTRADO]
[12:16:50.153] ERROR - Jugador 892 [NO ENCONTRADO]
[12:16:50.249] ERROR - Jugador 893 [NO ENCONTRADO]
[12:16:50.385] INFO - Escribiendo historial market-value del jugador 889 (61 values)
[12:16:50.388] INFO - Jugador 889 almacenado correctamente
[12:16:50.415] ERROR - Jugador 895 [NO ENCONTRADO]
[12:16:50.487] ERROR - Jugador 896 [NO ENCONTRADO]
[12:16:50.505] ERROR - Jugador 897 [NO ENCONTRADO]
[12:16:50.788] ERROR - Jugador 899 [NO ENCONTRADO]
[12:16:50.959] INFO - Escribiendo historial market-value del jugador 894 (23 values)
[12:16:50.959] INFO - Jugador 894 almacenado correctamente
[12:16:50.975] ERROR - Jugador 900 [NO ENCONTRADO]
[12:16:51.004] ERROR - Jugador 902 [NO ENCONTRADO]
[12:16:51.042] ERROR - Jugador 903 [NO ENCONTRADO]
[12:16:51.183] ERROR - Jugador 904 [NO ENCONTRADO]
[12:16:51.227] INFO - Escribiendo historial market-value del jugador 898 (16 values)
[12:16:51.228] INFO - Jugador 898 almacenado correctamente
[12:16:51.504] INFO - Escribiendo historial market-value del jugador 901 (61 values)
[12:16:51.505] INFO - Jugador 901 almacenado correctamente
[12:16:51.509] CRITICAL - ('Connection aborted.', ConnectionResetError(104, 'Connection reset by peer'))
Traceback (most recent call last):
  File "/opt/hostedtoolcache/Python/3.9.19/x64/lib/python3.9/site-packages/urllib3/connectionpool.py", line 715, in urlopen
    httplib_response = self._make_request(
  File "/opt/hostedtoolcache/Python/3.9.19/x64/lib/python3.9/site-packages/urllib3/connectionpool.py", line 404, in _make_request
    self._validate_conn(conn)
  File "/opt/hostedtoolcache/Python/3.9.19/x64/lib/python3.9/site-packages/urllib3/connectionpool.py", line 1060, in _validate_conn
    conn.connect()
  File "/opt/hostedtoolcache/Python/3.9.19/x64/lib/python3.9/site-packages/urllib3/connection.py", line 419, in connect
    self.sock = ssl_wrap_socket(
  File "/opt/hostedtoolcache/Python/3.9.19/x64/lib/python3.9/site-packages/urllib3/util/ssl_.py", line 449, in ssl_wrap_socket
    ssl_sock = _ssl_wrap_socket_impl(
  File "/opt/hostedtoolcache/Python/3.9.19/x64/lib/python3.9/site-packages/urllib3/util/ssl_.py", line 493, in _ssl_wrap_socket_impl
    return ssl_context.wrap_socket(sock, server_hostname=server_hostname)
  File "/opt/hostedtoolcache/Python/3.9.19/x64/lib/python3.9/ssl.py", line 501, in wrap_socket
    return self.sslsocket_class._create(
  File "/opt/hostedtoolcache/Python/3.9.19/x64/lib/python3.9/ssl.py", line 1074, in _create
    self.do_handshake()
  File "/opt/hostedtoolcache/Python/3.9.19/x64/lib/python3.9/ssl.py", line 1343, in do_handshake
    self._sslobj.do_handshake()
ConnectionResetError: [Errno 104] Connection reset by peer

During handling of the above exception, another exception occurred:

Traceback (most recent call last):
  File "/opt/hostedtoolcache/Python/3.9.19/x64/lib/python3.9/site-packages/requests/adapters.py", line 489, in send
    resp = conn.urlopen(
  File "/opt/hostedtoolcache/Python/3.9.19/x64/lib/python3.9/site-packages/urllib3/connectionpool.py", line 801, in urlopen
    retries = retries.increment(
  File "/opt/hostedtoolcache/Python/3.9.19/x64/lib/python3.9/site-packages/urllib3/util/retry.py", line 552, in increment
    raise six.reraise(type(error), error, _stacktrace)
  File "/opt/hostedtoolcache/Python/3.9.19/x64/lib/python3.9/site-packages/urllib3/packages/six.py", line 769, in reraise
    raise value.with_traceback(tb)
  File "/opt/hostedtoolcache/Python/3.9.19/x64/lib/python3.9/site-packages/urllib3/connectionpool.py", line 715, in urlopen
    httplib_response = self._make_request(
  File "/opt/hostedtoolcache/Python/3.9.19/x64/lib/python3.9/site-packages/urllib3/connectionpool.py", line 404, in _make_request
    self._validate_conn(conn)
  File "/opt/hostedtoolcache/Python/3.9.19/x64/lib/python3.9/site-packages/urllib3/connectionpool.py", line 1060, in _validate_conn
    conn.connect()
  File "/opt/hostedtoolcache/Python/3.9.19/x64/lib/python3.9/site-packages/urllib3/connection.py", line 419, in connect
    self.sock = ssl_wrap_socket(
  File "/opt/hostedtoolcache/Python/3.9.19/x64/lib/python3.9/site-packages/urllib3/util/ssl_.py", line 449, in ssl_wrap_socket
    ssl_sock = _ssl_wrap_socket_impl(
  File "/opt/hostedtoolcache/Python/3.9.19/x64/lib/python3.9/site-packages/urllib3/util/ssl_.py", line 493, in _ssl_wrap_socket_impl
    return ssl_context.wrap_socket(sock, server_hostname=server_hostname)
  File "/opt/hostedtoolcache/Python/3.9.19/x64/lib/python3.9/ssl.py", line 501, in wrap_socket
    return self.sslsocket_class._create(
  File "/opt/hostedtoolcache/Python/3.9.19/x64/lib/python3.9/ssl.py", line 1074, in _create
    self.do_handshake()
  File "/opt/hostedtoolcache/Python/3.9.19/x64/lib/python3.9/ssl.py", line 1343, in do_handshake
    self._sslobj.do_handshake()
urllib3.exceptions.ProtocolError: ('Connection aborted.', ConnectionResetError(104, 'Connection reset by peer'))

During handling of the above exception, another exception occurred:

Traceback (most recent call last):
  File "<string>", line 215, in main
  File "/opt/hostedtoolcache/Python/3.9.19/x64/lib/python3.9/concurrent/futures/_base.py", line 609, in result_iterator
    yield fs.pop().result()
  File "/opt/hostedtoolcache/Python/3.9.19/x64/lib/python3.9/concurrent/futures/_base.py", line 446, in result
    return self.__get_result()
  File "/opt/hostedtoolcache/Python/3.9.19/x64/lib/python3.9/concurrent/futures/_base.py", line 391, in __get_result
    raise self._exception
  File "/opt/hostedtoolcache/Python/3.9.19/x64/lib/python3.9/concurrent/futures/thread.py", line 58, in run
    result = self.fn(*self.args, **self.kwargs)
  File "<string>", line 165, in multithread_scrape_player_aux
  File "/opt/hostedtoolcache/Python/3.9.19/x64/lib/python3.9/site-packages/requests/api.py", line 73, in get
    return request("get", url, params=params, **kwargs)
  File "/opt/hostedtoolcache/Python/3.9.19/x64/lib/python3.9/site-packages/requests/api.py", line 59, in request
    return session.request(method=method, url=url, **kwargs)
  File "/opt/hostedtoolcache/Python/3.9.19/x64/lib/python3.9/site-packages/requests/sessions.py", line 587, in request
    resp = self.send(prep, **send_kwargs)
  File "/opt/hostedtoolcache/Python/3.9.19/x64/lib/python3.9/site-packages/requests/sessions.py", line 701, in send
    r = adapter.send(request, **kwargs)
  File "/opt/hostedtoolcache/Python/3.9.19/x64/lib/python3.9/site-packages/requests/adapters.py", line 547, in send
    raise ConnectionError(err, request=request)
requests.exceptions.ConnectionError: ('Connection aborted.', ConnectionResetError(104, 'Connection reset by peer'))
